<?xml version="1.0" encoding="UTF-8"?>
<!-- Generated by org.testng.reporters.JUnitReportReporter -->
<testsuite hostname="MI-NOTEBOOK-14" failures="0" tests="2" name="runner.TestRunner" time="52.797" errors="0" timestamp="2025-03-14T16:25:18 IST" skipped="0">
  <testcase classname="runner.TestRunner" name="runScenario" time="26.786"/>
  <testcase classname="runner.TestRunner" name="runScenario" time="26.011"/>
</testsuite> <!-- runner.TestRunner -->
